Performing C SOURCE FILE Test CMAKE_HAVE_LIBC_PTHREAD failed with the following output:
Change Dir: /home/PODS/xli185/Documents/project/nanowire_planner/build/CMakeFiles/CMakeTmp

Run Build Command(s):/usr/bin/make -f Makefile cmTC_61dbb/fast && /usr/bin/make  -f CMakeFiles/cmTC_61dbb.dir/build.make CMakeFiles/cmTC_61dbb.dir/build
make[1]: Entering directory '/home/PODS/xli185/Documents/project/nanowire_planner/build/CMakeFiles/CMakeTmp'
Building C object CMakeFiles/cmTC_61dbb.dir/src.c.o
/usr/bin/x86_64-linux-gnu-gcc-10 -DCMAKE_HAVE_LIBC_PTHREAD   -o CMakeFiles/cmTC_61dbb.dir/src.c.o -c /home/PODS/xli185/Documents/project/nanowire_planner/build/CMakeFiles/CMakeTmp/src.c
Linking C executable cmTC_61dbb
/usr/local/bin/cmake -E cmake_link_script CMakeFiles/cmTC_61dbb.dir/link.txt --verbose=1
/usr/bin/x86_64-linux-gnu-gcc-10 CMakeFiles/cmTC_61dbb.dir/src.c.o -o cmTC_61dbb 
CMakeFiles/cmTC_61dbb.dir/src.c.o: In function `main':
src.c:(.text+0x3e): undefined reference to `pthread_create'
src.c:(.text+0x4a): undefined reference to `pthread_detach'
src.c:(.text+0x56): undefined reference to `pthread_cancel'
src.c:(.text+0x67): undefined reference to `pthread_join'
src.c:(.text+0x7b): undefined reference to `pthread_atfork'
collect2: error: ld returned 1 exit status
CMakeFiles/cmTC_61dbb.dir/build.make:98: recipe for target 'cmTC_61dbb' failed
make[1]: *** [cmTC_61dbb] Error 1
make[1]: Leaving directory '/home/PODS/xli185/Documents/project/nanowire_planner/build/CMakeFiles/CMakeTmp'
Makefile:127: recipe for target 'cmTC_61dbb/fast' failed
make: *** [cmTC_61dbb/fast] Error 2


Source file was:
#include <pthread.h>

static void* test_func(void* data)
{
  return data;
}

int main(void)
{
  pthread_t thread;
  pthread_create(&thread, NULL, test_func, NULL);
  pthread_detach(thread);
  pthread_cancel(thread);
  pthread_join(thread, NULL);
  pthread_atfork(NULL, NULL, NULL);
  pthread_exit(NULL);

  return 0;
}

Determining if the function pthread_create exists in the pthreads failed with the following output:
Change Dir: /home/PODS/xli185/Documents/project/nanowire_planner/build/CMakeFiles/CMakeTmp

Run Build Command(s):/usr/bin/make -f Makefile cmTC_21040/fast && /usr/bin/make  -f CMakeFiles/cmTC_21040.dir/build.make CMakeFiles/cmTC_21040.dir/build
make[1]: Entering directory '/home/PODS/xli185/Documents/project/nanowire_planner/build/CMakeFiles/CMakeTmp'
Building C object CMakeFiles/cmTC_21040.dir/CheckFunctionExists.c.o
/usr/bin/x86_64-linux-gnu-gcc-10   -DCHECK_FUNCTION_EXISTS=pthread_create -o CMakeFiles/cmTC_21040.dir/CheckFunctionExists.c.o -c /usr/local/share/cmake-3.20/Modules/CheckFunctionExists.c
Linking C executable cmTC_21040
/usr/local/bin/cmake -E cmake_link_script CMakeFiles/cmTC_21040.dir/link.txt --verbose=1
/usr/bin/x86_64-linux-gnu-gcc-10  -DCHECK_FUNCTION_EXISTS=pthread_create CMakeFiles/cmTC_21040.dir/CheckFunctionExists.c.o -o cmTC_21040  -lpthreads 
/usr/bin/ld: cannot find -lpthreads
collect2: error: ld returned 1 exit status
CMakeFiles/cmTC_21040.dir/build.make:98: recipe for target 'cmTC_21040' failed
make[1]: *** [cmTC_21040] Error 1
make[1]: Leaving directory '/home/PODS/xli185/Documents/project/nanowire_planner/build/CMakeFiles/CMakeTmp'
Makefile:127: recipe for target 'cmTC_21040/fast' failed
make: *** [cmTC_21040/fast] Error 2



